[
    {
        "SourceSystem": "OpsManager",
        "Time": "2021-04-29T10:54:59.937Z",
        "PublisherName": "DummySource",
        "Channel": "Application",
        "LoggingComputer": "WEF-Collector.wef.contoso.com",
        "EventCategory": 1,
        "EventLevel": 3,
        "EventLevelName": "3",
        "UserName": "N/A",
        "Version": "2", 
        "Opcode": "0",
        "Keywords": "0x8020000000000000",
        "Correlation": "{77154858-737a-0001-5247-efb2e634d801}",
        "ProcessId": "4",
        "ThreadId": "6600",
        "EventRecordId": "68531",
        "EventData": "<EventData><Data>This is a test message.</Data></EventData>",
        "EventNumber": 999,
        "EventOriginId": "a8e8fc51-21c7-4d1a-82dd-619a0459cce7",
        "Type": "WindowsEvent"
    },
    {
        "SourceSystem": "OpsManager",
        "Time": "2019-08-04T06:43:00.003Z",
        "PublisherName": "Microsoft-Windows-Security-Auditing",
        "Channel": "Security",
        "LoggingComputer": "WEF-Collector.wef.contoso.com",
        "EventCategory": 13312,
        "EventLevel": 0,
        "EventLevelName": "Information",
        "UserName": "N/A",
        "Version": "2", 
        "Opcode": "0",
        "Keywords": "0x8020000000000000",
        "Correlation": "{77154858-737a-0001-5247-efb2e634d801}",
        "ProcessId": "4",
        "ThreadId": "6600",
        "EventRecordId": "68531",
        "EventData": "<EventData xmlns=\"http://schemas.microsoft.com/win/2004/08/events/event\"> <Data Name=\"SubjectUserSid\">S-1-5-21-2272002788-1847867433-2127743792-500</Data> <Data Name=\"SubjectUserName\">At1Lan2Ta3</Data> <Data Name=\"SubjectDomainName\">ASC</Data> <Data Name=\"SubjectLogonId\">0xd66424</Data> <Data Name=\"NewProcessId\">0x168c</Data> <Data Name=\"NewProcessName\">C:/Users/At1Lan2Ta3/Desktop/ASC_Alerttest_662jfi039n.exe</Data> <Data Name=\"TokenElevationType\">%36</Data> <Data Name=\"ProcessId\">0x1824</Data> <Data Name=\"CommandLine\">ASC_Alerttest_662jfi039n.exe -foo</Data> </EventData>",
        "EventNumber": 4688,
        "EventOriginId": "a8e8fc51-21c7-4d1a-82dd-619a0459cce7",
        "Type": "WindowsEvent"
    },
    {
        "SourceSystem": "OpsManager",
        "Time": "2019-08-04T06:43:00.003Z",
        "PublisherName": "Microsoft-Windows-Security-Auditing",
        "Channel": "Application",
        "LoggingComputer": "WEF-Collector.wef.contoso.com",
        "EventCategory": 1,
        "EventLevel": 0,
        "EventLevelName": "Information",
        "UserName": "N/A",
        "Version": "2", 
        "Opcode": "0",
        "Keywords": "0x8020000000000000",
        "Correlation": "{77154858-737a-0001-5247-efb2e634d801}",
        "ProcessId": "4",
        "ThreadId": "6600",
        "EventRecordId": "68531",
        "EventData": "<NotValidXml",
        "EventNumber": 4688,
        "EventOriginId": "a8e8fc51-21c7-4d1a-82dd-619a0459cce7",
        "Type": "WindowsEvent"
    },
    {
        "SourceSystem": "OpsManager",
        "Time": "2019-08-04T06:43:00.003Z",
        "PublisherName": "Microsoft-Windows-Security-Auditing",
        "Channel": "Application",
        "LoggingComputer": "WEF-Collector.wef.contoso.com",
        "EventCategory": 1,
        "EventLevel": 0,
        "EventLevelName": "Information",
        "UserName": "N/A",
        "Version": "2", 
        "Opcode": "0",
        "Keywords": "0x8020000000000000",
        "Correlation": "{77154858-737a-0001-5247-efb2e634d801}",
        "ProcessId": "4",
        "ThreadId": "6600",
        "EventRecordId": "68531",
        "EventData": "<EventData></EventData>",
        "EventNumber": 4688,
        "EventOriginId": "a8e8fc51-21c7-4d1a-82dd-619a0459cce7",
        "Type": "WindowsEvent"
    }
]
    